<?xml version="1.0" encoding="UTF-8"?>
<!-- Generated by org.testng.reporters.JUnitReportReporter -->
<testsuite hostname="45.112.138-broadband.acttv.in" name="BabaJob.JobSeeker.JsExecutor" tests="1" failures="0" timestamp="3 Mar 2016 13:42:52 GMT" time="8.385" errors="0">
  <testcase name="JobSeekerSignUp" time="8.385" classname="BabaJob.JobSeeker.JsExecutor"/>
</testsuite> <!-- BabaJob.JobSeeker.JsExecutor -->
